server: [object Object]
port hien tai la===================0:undefined
port hien tai la====================1:undefined
port hien tai la===================2:undefined
------- server is running 3000-------
Time Now: Thu Oct 05 2017 11:39:47 GMT+0700 (SE Asia Standard Time)
05-10-2017 11:39:47 GMT+0700
Redis is ready
Redis is ready
Error in the querygfvhgh56gf
Error in the querygfvhgh56gf
Error in the query 1gf
Error in the query 1hfghf
Error in the query113gfhjfgj65
Error in the query 2ghfgh
Error in the querygfvhgh56gf
Error in the querygfvhgh56gf
Error in the query 1hfghf
Error in the query 1gf
Error in the query 2ghfgh
Error in the query113gfhjfgj65
Error in the querygfvhgh56gf
Error in the querygfvhgh56gf
Error in the query113gfhjfgj65
Error in the query 2ghfgh
Error in the query 1gf
Error in the query 1hfghf
Error in the querygfvhgh56gf
Error in the querygfvhgh56gf
Error in the query 1gf
Error in the query 1hfghf
Error in the query 2ghfgh
Error in the query113gfhjfgj65
Error in the querygfvhgh56gf
Error in the querygfvhgh56gf
server: [object Object]
port hien tai la===================0:undefined
port hien tai la====================1:undefined
port hien tai la===================2:undefined
------- server is running 3000-------
Time Now: Thu Oct 05 2017 11:43:06 GMT+0700 (SE Asia Standard Time)
05-10-2017 11:43:06 GMT+0700
Redis is ready
Redis is ready
Error in the querygfvhgh56gf
Error in the querygfvhgh56gf
Error in the query113gfhjfgj65
Error in the query 1hfghf
Error in the query 1gf
Error in the query 2ghfgh
Error in the querygfvhgh56gf
Error in the querygfvhgh56gf
Error in the query 2ghfgh
Error in the query 1gf
Error in the query113gfhjfgj65
Error in the query 1hfghf
Error in the querygfvhgh56gf
Error in the querygfvhgh56gf
Error in the query 2ghfgh
Error in the query 1hfghf
Error in the query113gfhjfgj65
Error in the query 1gf
Error in the querygfvhgh56gf
Error in the querygfvhgh56gf
Error in the query113gfhjfgj65
Error in the query 1gf
Error in the query 2ghfgh
Error in the query 1hfghf
Error in the querygfvhgh56gf
server: [object Object]
port hien tai la===================0:undefined
port hien tai la====================1:undefined
port hien tai la===================2:undefined
------- server is running 3000-------
Time Now: Thu Oct 05 2017 11:53:22 GMT+0700 (SE Asia Standard Time)
05-10-2017 11:53:22 GMT+0700
Redis is ready
Redis is ready
Redis is ready
Redis is ready
Redis is ready
Redis is ready
Redis is ready
Redis is ready
Redis is ready
Redis is ready
Redis is ready
Redis is ready
Redis is ready
Redis is ready
Redis is ready
Redis is ready
Redis is ready
Redis is ready
Redis is ready
Redis is ready
Redis is ready
Redis is ready
Redis is ready
Redis is ready
Redis is ready
Redis is ready
Redis is ready
Redis is ready
Redis is ready
Redis is ready
Redis is ready
Redis is ready
Redis is ready
Redis is ready
Redis is ready
Redis is ready
Redis is ready
Redis is ready
Redis is ready
Redis is ready
Redis is ready
Redis is ready
Redis is ready
Redis is ready
Redis is ready
Redis is ready
Redis is ready
Redis is ready
Redis is ready
Redis is ready
Redis is ready
Redis is ready
Redis is ready
Redis is ready
Redis is ready
Redis is ready
Redis is ready
Redis is ready
Redis is ready
Redis is ready
Redis is ready
Redis is ready
Redis is ready
Redis is ready
Redis is ready
Redis is ready
Redis is ready
Redis is ready
Redis is ready
Redis is ready
Redis is ready
Redis is ready
Redis is ready
Redis is ready
Redis is ready
Redis is ready
Redis is ready
Redis is ready
Redis is ready
Redis is ready
Redis is ready
Redis is ready
Redis is ready
Redis is ready
Redis is ready
Redis is ready
Redis is ready
Redis is ready
Redis is ready
Redis is ready
Redis is ready
Redis is ready
Redis is ready
Redis is ready
Redis is ready
Redis is ready
Redis is ready
Redis is ready
Redis is ready
Redis is ready
Redis is ready
Redis is ready
Redis is ready
Redis is ready
Redis is ready
Redis is ready
Redis is ready
Redis is ready
Redis is ready
Redis is ready
Redis is ready
Redis is ready
Redis is ready
Redis is ready
Redis is ready
Redis is ready
Redis is ready
Redis is ready
Redis is ready
Redis is ready
Redis is ready
Redis is ready
Redis is ready
Redis is ready
Redis is ready
Redis is ready
Redis is ready
Redis is ready
Redis is ready
Redis is ready
Redis is ready
Redis is ready
Redis is ready
Redis is ready
Redis is ready
Redis is ready
Error in the query 2ghfgh
Error in the query113gfhjfgj65
Error in the querygfvhgh56gf
Error in the query 1gf
Error in the query 1hfghf
Error in the querygfvhgh56gf
Error in the query 1gf
Error in the query113gfhjfgj65
Error in the query 2ghfgh
Error in the querygfvhgh56gf
Error in the query 1hfghf
Error in the querygfvhgh56gf
Error in the query 2ghfgh
Error in the query 1hfghf
Error in the query 1gf
Error in the query113gfhjfgj65
Error in the querygfvhgh56gf
Error in the querygfvhgh56gf
Error in the query113gfhjfgj65
Error in the querygfvhgh56gf
Error in the querygfvhgh56gf
Error in the query 1hfghf
Error in the query 1gf
Error in the query 2ghfgh
Error in the querygfvhgh56gf
Error in the querygfvhgh56gf
Error in the query 2ghfgh
Error in the query113gfhjfgj65
Error in the query 1hfghf
Error in the query 1gf
server: [object Object]
port hien tai la===================0:undefined
port hien tai la====================1:undefined
port hien tai la===================2:undefined
------- server is running 3000-------
Time Now: Fri Oct 06 2017 07:39:33 GMT+0700 (SE Asia Standard Time)
06-10-2017 07:39:33 GMT+0700
thoi gian: 4 Oct 2017 16:7:15
Redis is ready
Redis is ready
Redis is ready
Redis is ready
Error in the querygfvhgh56gf
Error in the querygfvhgh56gf
Error in the query 1gf
Error in the query 1hfghf
Error in the query113gfhjfgj65
Error in the query 2ghfgh
Error in the query 1hfghf
Error in the querygfvhgh56gf
Error in the query 1gf
Error in the querygfvhgh56gf
Error in the query113gfhjfgj65
Error in the query 2ghfgh
Error in the querygfvhgh56gf
Error in the querygfvhgh56gf
Error in the query 1gf
Error in the query113gfhjfgj65
Error in the query 2ghfgh
Error in the query 1hfghf
Error in the query113gfhjfgj65
Error in the query 2ghfgh
Error in the querygfvhgh56gf
Error in the querygfvhgh56gf
Error in the query 1gf
Error in the query 1hfghf
Error in the query 1gf
Error in the query 2ghfgh
Error in the querygfvhgh56gf
Error in the querygfvhgh56gf
Error in the query113gfhjfgj65
Error in the query 1hfghf
server: [object Object]
port hien tai la===================0:undefined
port hien tai la====================1:undefined
port hien tai la===================2:undefined
------- server is running 3000-------
Time Now: Fri Oct 06 2017 07:54:36 GMT+0700 (SE Asia Standard Time)
06-10-2017 07:54:36 GMT+0700
thoi gian: 4 Oct 2017 16:7:15
Redis is ready
Redis is ready
Redis is ready
Redis is ready
Redis is ready
Redis is ready
Redis is ready
Redis is ready
Redis is ready
Redis is ready
Redis is ready
Redis is ready
Redis is ready
Redis is ready
reset Mine
Format mine chưa co nguoi chiem thanh cong
Create mine thanh cong
Create mine thanh cong
Create mine thanh cong
Create mine thanh cong
Create mine thanh cong
Create mine thanh cong
Create mine thanh cong
Create mine thanh cong
Create mine thanh cong
Create mine thanh cong
Create mine thanh cong
Create mine thanh cong
Create mine thanh cong
Create mine thanh cong
Create mine thanh cong
Create mine thanh cong
Create mine thanh cong
Create mine thanh cong
Create mine thanh cong
Create mine thanh cong
Create mine thanh cong
Create mine thanh cong
Create mine thanh cong
Create mine thanh cong
Create mine thanh cong
Create mine thanh cong
Create mine thanh cong
cap nhat thời gian reset server cho user đang đăng nhập thanh cong
cong dong updatedgdfgdg======================: 26
cap nhat tinh trang reset server cho user thanh cong
Redis is ready
Redis is ready
Redis is ready
Redis is ready
Redis is ready
Redis is ready
Redis is ready
Redis is ready
Redis is ready
Redis is ready
Redis is ready
Redis is ready
Redis is ready
Redis is ready
Redis is ready
Redis is ready
Redis is ready
Redis is ready
Redis is ready
Redis is ready
Redis is ready
Redis is ready
Redis is ready
Redis is ready
Redis is ready
Redis is ready
Redis is ready
Redis is ready
Redis is ready
Redis is ready
Redis is ready
Redis is ready
Redis is ready
Redis is ready
Redis is ready
Redis is ready
Redis is ready
Redis is ready
Redis is ready
Redis is ready
Redis is ready
Redis is ready
Redis is ready
Redis is ready
Redis is ready
Redis is ready
Redis is ready
Redis is ready
Redis is ready
Redis is ready
Redis is ready
Redis is ready
Redis is ready
Redis is ready
Redis is ready
Redis is ready
Redis is ready
Redis is ready
Redis is ready
Redis is ready
Redis is ready
Redis is ready
Redis is ready
Redis is ready
Redis is ready
Redis is ready
Redis is ready
Redis is ready
Redis is ready
Redis is ready
Redis is ready
Redis is ready
Redis is ready
Redis is ready
Redis is ready
Redis is ready
Redis is ready
Redis is ready
Redis is ready
Redis is ready
Redis is ready
Redis is ready
Redis is ready
Redis is ready
Redis is ready
Redis is ready
Redis is ready
Redis is ready
Redis is ready
Redis is ready
Redis is ready
Redis is ready
Redis is ready
Redis is ready
Redis is ready
Redis is ready
Redis is ready
Redis is ready
Redis is ready
Redis is ready
Redis is ready
Redis is ready
Redis is ready
Redis is ready
Redis is ready
Redis is ready
Redis is ready
Redis is ready
Redis is ready
Redis is ready
Redis is ready
Redis is ready
Redis is ready
Redis is ready
Redis is ready
Redis is ready
Redis is ready
Redis is ready
Redis is ready
Redis is ready
Redis is ready
Redis is ready
Redis is ready
Redis is ready
Redis is ready
Redis is ready
Redis is ready
Redis is ready
Redis is ready
Redis is ready
Redis is ready
Redis is ready
Redis is ready
Redis is ready
Redis is ready
Redis is ready
Redis is ready
Redis is ready
Redis is ready
Redis is ready
Redis is ready
Redis is ready
Redis is ready
Redis is ready
Redis is ready
Redis is ready
Redis is ready
Redis is ready
Redis is ready
Redis is ready
Redis is ready
Redis is ready
Redis is ready
Redis is ready
Redis is ready
Redis is ready
Redis is ready
Redis is ready
Redis is ready
Redis is ready
Redis is ready
Redis is ready
Redis is ready
Redis is ready
Redis is ready
Redis is ready
Redis is ready
Redis is ready
Redis is ready
Redis is ready
Redis is ready
Redis is ready
Redis is ready
Redis is ready
Redis is ready
Redis is ready
Redis is ready
Redis is ready
Redis is ready
Redis is ready
Redis is ready
Redis is ready
Redis is ready
Redis is ready
Redis is ready
Redis is ready
Redis is ready
Redis is ready
Redis is ready
Redis is ready
Redis is ready
Redis is ready
Redis is ready
Redis is ready
Redis is ready
Redis is ready
Redis is ready
Redis is ready
Redis is ready
Redis is ready
Redis is ready
Redis is ready
Redis is ready
Redis is ready
Redis is ready
Redis is ready
Redis is ready
Redis is ready
Redis is ready
Redis is ready
Redis is ready
Redis is ready
Redis is ready
Redis is ready
Redis is ready
Redis is ready
Error in the query 1gf
Error in the query 2ghfgh
Error in the querygfvhgh56gf
Error in the querygfvhgh56gf
Error in the query113gfhjfgj65
Error in the query 1hfghf
Error in the query 1gf
Error in the query 2ghfgh
Error in the querygfvhgh56gf
Error in the query113gfhjfgj65
Error in the querygfvhgh56gf
Error in the query 1hfghf
Error in the query 2ghfgh
Error in the query 1gf
Error in the querygfvhgh56gf
Error in the query 1hfghf
Error in the querygfvhgh56gf
Error in the query113gfhjfgj65
Error in the query 1hfghf
Error in the query 1gf
Error in the querygfvhgh56gf
Error in the querygfvhgh56gf
Error in the query113gfhjfgj65
Error in the query 2ghfgh
server: [object Object]
port hien tai la===================0:undefined
port hien tai la====================1:undefined
port hien tai la===================2:undefined
------- server is running 3000-------
Time Now: Sat Oct 07 2017 07:38:36 GMT+0700 (SE Asia Standard Time)
07-10-2017 07:38:36 GMT+0700
thoi gian: 4 Oct 2017 16:7:15
Redis is ready
Redis is ready
timeout beyond time 1000
Redis is ready
Redis is ready
Redis is ready
Redis is ready
Redis is ready
Redis is ready
Redis is ready
Redis is ready
Redis is ready
Redis is ready
Redis is ready
Redis is ready
Redis is ready
Redis is ready
Redis is ready
Redis is ready
Redis is ready
Redis is ready
Redis is ready
Redis is ready
Redis is ready
Redis is ready
Redis is ready
Redis is ready
Redis is ready
Redis is ready
Redis is ready
Redis is ready
Redis is ready
Redis is ready
Redis is ready
Redis is ready
Redis is ready
Redis is ready
Redis is ready
Redis is ready
Redis is ready
Redis is ready
Redis is ready
Redis is ready
Redis is ready
Redis is ready
Redis is ready
Redis is ready
Redis is ready
Redis is ready
Redis is ready
Redis is ready
reset Mine
Redis is ready
Redis is ready
Format mine chưa co nguoi chiem thanh cong
Create mine thanh cong
Create mine thanh cong
Create mine thanh cong
Create mine thanh cong
Create mine thanh cong
Create mine thanh cong
Create mine thanh cong
Create mine thanh cong
Create mine thanh cong
Create mine thanh cong
Create mine thanh cong
Create mine thanh cong
Create mine thanh cong
Create mine thanh cong
Create mine thanh cong
Create mine thanh cong
Create mine thanh cong
Create mine thanh cong
Create mine thanh cong
Create mine thanh cong
Create mine thanh cong
Create mine thanh cong
Create mine thanh cong
Create mine thanh cong
Create mine thanh cong
Create mine thanh cong
Create mine thanh cong
cap nhat thời gian reset server cho user đang đăng nhập thanh cong
cong dong updatedgdfgdg======================: 26
cap nhat tinh trang reset server cho user thanh cong
Redis is ready
Redis is ready
Redis is ready
Redis is ready
Redis is ready
Redis is ready
Redis is ready
Redis is ready
Redis is ready
Redis is ready
Redis is ready
Redis is ready
Redis is ready
Redis is ready
Redis is ready
Redis is ready
Redis is ready
Redis is ready
Redis is ready
Redis is ready
Redis is ready
Redis is ready
Redis is ready
Redis is ready
Redis is ready
Redis is ready
Redis is ready
Redis is ready
Redis is ready
Redis is ready
Redis is ready
Redis is ready
Redis is ready
Redis is ready
Redis is ready
Redis is ready
Redis is ready
Redis is ready
Redis is ready
Redis is ready
Redis is ready
Redis is ready
Redis is ready
Redis is ready
Redis is ready
Redis is ready
server: [object Object]
port hien tai la===================0:undefined
port hien tai la====================1:undefined
port hien tai la===================2:undefined
------- server is running 3000-------
Time Now: Sat Oct 07 2017 12:00:16 GMT+0700 (SE Asia Standard Time)
07-10-2017 12:00:16 GMT+0700
Redis is ready
Redis is ready
timeout beyond time 1000
Redis is ready
Redis is ready
Redis is ready
Redis is ready
Error in the querygfvhgh56gf
Error in the querygfvhgh56gf
Error in the query 2ghfgh
Error in the query113gfhjfgj65
Error in the query 1hfghf
Error in the query 1gf
Error in the querygfvhgh56gf
Error in the querygfvhgh56gf
Error in the query 1hfghf
Error in the query 1gf
Error in the query 2ghfgh
Error in the query113gfhjfgj65
Error in the querygfvhgh56gf
Error in the querygfvhgh56gf
Error in the query 2ghfgh
Error in the query 1hfghf
Error in the query 1gf
Error in the query113gfhjfgj65
Error in the querygfvhgh56gf
Error in the querygfvhgh56gf
server: [object Object]
port hien tai la===================0:undefined
port hien tai la====================1:undefined
port hien tai la===================2:undefined
------- server is running 3000-------
Time Now: Sat Oct 07 2017 12:12:20 GMT+0700 (SE Asia Standard Time)
07-10-2017 12:12:20 GMT+0700
Redis is ready
Redis is ready
timeout beyond time 1000
server: [object Object]
port hien tai la===================0:undefined
port hien tai la====================1:undefined
port hien tai la===================2:undefined
------- server is running 3000-------
Time Now: Sat Oct 07 2017 12:15:51 GMT+0700 (SE Asia Standard Time)
07-10-2017 12:15:51 GMT+0700
Redis is ready
Redis is ready
timeout beyond time 1000
Redis is ready
Redis is ready
Error in the querygfvhgh56gf
Error in the querygfvhgh56gf
Error in the query113gfhjfgj65
Error in the query 1gf
Error in the query 1hfghf
Error in the query 2ghfgh
Error in the querygfvhgh56gf
Error in the querygfvhgh56gf
Error in the query 2ghfgh
Error in the query 1hfghf
Error in the query 1gf
Error in the query113gfhjfgj65
Error in the querygfvhgh56gf
Error in the querygfvhgh56gf
Error in the query 2ghfgh
Error in the query 1gf
Error in the query113gfhjfgj65
Error in the query 1hfghf
Error in the querygfvhgh56gf
Error in the querygfvhgh56gf
Error in the query113gfhjfgj65
Error in the query 1gf
Error in the query 2ghfgh
Error in the query 1hfghf
server: [object Object]
port hien tai la===================0:undefined
port hien tai la====================1:undefined
port hien tai la===================2:undefined
------- server is running 3000-------
Time Now: Sat Oct 07 2017 12:22:44 GMT+0700 (SE Asia Standard Time)
07-10-2017 12:22:44 GMT+0700
Redis is ready
Redis is ready
timeout beyond time 1000
Redis is ready
Redis is ready
Redis is ready
Redis is ready
Redis is ready
Redis is ready
Redis is ready
Redis is ready
Redis is ready
Redis is ready
Redis is ready
Redis is ready
Redis is ready
Redis is ready
Redis is ready
Redis is ready
Redis is ready
Redis is ready
Redis is ready
Redis is ready
Redis is ready
Redis is ready
Redis is ready
Redis is ready
Redis is ready
Redis is ready
Redis is ready
Redis is ready
Error in the query 2ghfgh
Error in the query 1gf
Error in the query 1hfghf
Error in the query113gfhjfgj65
Error in the querygfvhgh56gf
Error in the querygfvhgh56gf
Error in the query 2ghfgh
Error in the query113gfhjfgj65
Error in the querygfvhgh56gf
Error in the query 1hfghf
Error in the querygfvhgh56gf
Error in the query 1gf
Error in the query 2ghfgh
Error in the query113gfhjfgj65
Error in the querygfvhgh56gf
Error in the querygfvhgh56gf
Error in the query 1gf
Error in the query 1hfghf
Error in the query 2ghfgh
Error in the query113gfhjfgj65
Error in the query 1gf
Error in the query 1hfghf
Error in the querygfvhgh56gf
Error in the querygfvhgh56gf
Error in the query113gfhjfgj65
Error in the query 1hfghf
Error in the query 1gf
Error in the query 2ghfgh
Error in the querygfvhgh56gf
Error in the querygfvhgh56gf
